<?xml version="1.0" encoding="UTF-8"?>
<!-- Generated by org.testng.reporters.JUnitReportReporter -->
<testsuite hostname="DESKTOP-1B17E07" failures="0" tests="2" name="TestNG_Examples.TestNG_Ex2" time="0.004" errors="0" timestamp="2024-08-27T21:08:01 IST" skipped="0">
  <testcase classname="TestNG_Examples.TestNG_Ex2" name="m3" time="0.002"/>
  <system-out/>
  <testcase classname="TestNG_Examples.TestNG_Ex2" name="m2" time="0.002"/>
  <system-out/>
</testsuite> <!-- TestNG_Examples.TestNG_Ex2 -->
