<?xml version="1.0" encoding="UTF-8"?>
<!-- Generated by org.testng.reporters.JUnitReportReporter -->
<testsuite hostname="DESKTOP-1B17E07" failures="0" tests="3" name="TestNG_Examples.Login_Functionality" time="20.700" errors="0" timestamp="2024-08-27T21:08:01 IST" skipped="0">
  <testcase classname="TestNG_Examples.Login_Functionality" name="login" time="20.653"/>
  <system-out/>
  <testcase classname="TestNG_Examples.Login_Functionality" name="url" time="0.016"/>
  <system-out/>
  <testcase classname="TestNG_Examples.Login_Functionality" name="title" time="0.031"/>
  <system-out/>
</testsuite> <!-- TestNG_Examples.Login_Functionality -->
