<?xml version="1.0" encoding="UTF-8"?>
<!-- Generated by org.testng.reporters.JUnitReportReporter -->
<testsuite hostname="DESKTOP-1B17E07" failures="0" tests="1" name="DataDriven_Framework.Login_Functionality" time="17.608" errors="0" timestamp="2024-08-28T21:05:51 IST" skipped="0">
  <testcase classname="DataDriven_Framework.Login_Functionality" name="login" time="17.608"/>
  <system-out/>
</testsuite> <!-- DataDriven_Framework.Login_Functionality -->
