<?xml version="1.0" encoding="UTF-8"?>
<!-- Generated by org.testng.reporters.JUnitReportReporter -->
<testsuite hostname="DESKTOP-1B17E07" failures="0" tests="1" name="POM.LoginTest" time="9.634" errors="0" timestamp="2024-08-29T21:04:15 IST" skipped="0">
  <testcase classname="POM.LoginTest" name="login" time="9.634"/>
  <system-out/>
</testsuite> <!-- POM.LoginTest -->
