<?xml version="1.0" encoding="UTF-8"?>
<!-- Generated by org.testng.reporters.JUnitReportReporter -->
<testsuite hostname="DESKTOP-1B17E07" failures="0" tests="1" name="TestNG_Examples.TestNgg_Example1" time="0.002" errors="0" timestamp="2024-08-27T21:08:01 IST" skipped="0">
  <testcase classname="TestNG_Examples.TestNgg_Example1" name="m1" time="0.002"/>
  <system-out/>
</testsuite> <!-- TestNG_Examples.TestNgg_Example1 -->
